<?xml version="1.0" encoding="UTF-8"?>
<testng-results ignored="0" total="1" passed="1" failed="0" skipped="0">
  <reporter-output>
  </reporter-output>
  <suite started-at="2025-11-06T20:54:58 IST" name="Surefire suite" finished-at="2025-11-06T20:55:32 IST" duration-ms="34026">
    <groups>
    </groups>
    <test started-at="2025-11-06T20:54:58 IST" name="Surefire test" finished-at="2025-11-06T20:55:32 IST" duration-ms="34026">
      <class name="learn.test3.CrossBrowserTest">
        <test-method is-config="true" signature="setup(java.lang.String)[pri:0, instance:learn.test3.CrossBrowserTest@1fe20588]" started-at="2025-11-06T20:54:58 IST" name="setup" finished-at="2025-11-06T20:55:28 IST" duration-ms="29356" status="PASS">
          <params>
            <param index="0">
              <value>
                <![CDATA[chromium]]>
              </value>
            </param>
          </params>
          <reporter-output>
          </reporter-output>
        </test-method> <!-- setup -->
        <test-method signature="sampleTest()[pri:0, instance:learn.test3.CrossBrowserTest@1fe20588]" started-at="2025-11-06T20:55:28 IST" name="sampleTest" finished-at="2025-11-06T20:55:28 IST" duration-ms="47" status="PASS">
          <reporter-output>
          </reporter-output>
        </test-method> <!-- sampleTest -->
        <test-method is-config="true" signature="tearDown()[pri:0, instance:learn.test3.CrossBrowserTest@1fe20588]" started-at="2025-11-06T20:55:28 IST" name="tearDown" finished-at="2025-11-06T20:55:32 IST" duration-ms="4566" status="PASS">
          <reporter-output>
          </reporter-output>
        </test-method> <!-- tearDown -->
      </class> <!-- learn.test3.CrossBrowserTest -->
    </test> <!-- Surefire test -->
  </suite> <!-- Surefire suite -->
</testng-results>
