<?xml version="1.0" encoding="UTF-8"?>
<testng-results ignored="0" total="1" passed="1" failed="0" skipped="0">
  <reporter-output>
  </reporter-output>
  <suite started-at="2025-11-07T12:05:47 IST" name="CloudTestngSuite" finished-at="2025-11-07T12:06:47 IST" duration-ms="59424">
    <groups>
    </groups>
    <test started-at="2025-11-07T12:05:47 IST" name="Chromium Test" finished-at="2025-11-07T12:06:47 IST" duration-ms="59424">
      <class name="learn.test3.TestngDemoTest">
        <test-method is-config="true" signature="setup(java.lang.String)[pri:0, instance:learn.test3.TestngDemoTest@4550bb58]" started-at="2025-11-07T12:05:47 IST" name="setup" finished-at="2025-11-07T12:06:31 IST" duration-ms="43576" status="PASS">
          <params>
            <param index="0">
              <value>
                <![CDATA[chromium]]>
              </value>
            </param>
          </params>
          <reporter-output>
          </reporter-output>
        </test-method> <!-- setup -->
        <test-method signature="sampleTest()[pri:0, instance:learn.test3.TestngDemoTest@4550bb58]" started-at="2025-11-07T12:06:31 IST" name="sampleTest" finished-at="2025-11-07T12:06:44 IST" duration-ms="13237" status="PASS">
          <reporter-output>
          </reporter-output>
        </test-method> <!-- sampleTest -->
        <test-method is-config="true" signature="tearDown()[pri:0, instance:learn.test3.TestngDemoTest@4550bb58]" started-at="2025-11-07T12:06:44 IST" name="tearDown" finished-at="2025-11-07T12:06:47 IST" duration-ms="2543" status="PASS">
          <reporter-output>
          </reporter-output>
        </test-method> <!-- tearDown -->
      </class> <!-- learn.test3.TestngDemoTest -->
    </test> <!-- Chromium Test -->
  </suite> <!-- CloudTestngSuite -->
</testng-results>
