<?xml version="1.0" encoding="UTF-8"?>
<testng-results ignored="0" total="1" passed="1" failed="0" skipped="0">
  <reporter-output>
  </reporter-output>
  <suite started-at="2025-11-07T14:27:33 IST" name="Default suite" finished-at="2025-11-07T14:27:46 IST" duration-ms="13402">
    <groups>
    </groups>
    <test started-at="2025-11-07T14:27:33 IST" name="Default test" finished-at="2025-11-07T14:27:46 IST" duration-ms="13402">
      <class name="learn.test3.CrossBrowserTest">
        <test-method is-config="true" signature="setup(java.lang.String)[pri:0, instance:learn.test3.CrossBrowserTest@158d2680]" started-at="2025-11-07T14:27:33 IST" name="setup" finished-at="2025-11-07T14:27:46 IST" duration-ms="13077" status="PASS">
          <params>
            <param index="0">
              <value>
                <![CDATA[chromium]]>
              </value>
            </param>
          </params>
          <reporter-output>
          </reporter-output>
        </test-method> <!-- setup -->
        <test-method signature="sampleTest()[pri:0, instance:learn.test3.CrossBrowserTest@158d2680]" started-at="2025-11-07T14:27:46 IST" name="sampleTest" finished-at="2025-11-07T14:27:46 IST" duration-ms="25" status="PASS">
          <reporter-output>
          </reporter-output>
        </test-method> <!-- sampleTest -->
        <test-method is-config="true" signature="tearDown()[pri:0, instance:learn.test3.CrossBrowserTest@158d2680]" started-at="2025-11-07T14:27:46 IST" name="tearDown" finished-at="2025-11-07T14:27:46 IST" duration-ms="268" status="PASS">
          <reporter-output>
          </reporter-output>
        </test-method> <!-- tearDown -->
      </class> <!-- learn.test3.CrossBrowserTest -->
    </test> <!-- Default test -->
  </suite> <!-- Default suite -->
</testng-results>
