<?xml version="1.0" encoding="UTF-8"?>
<!-- Generated by org.testng.reporters.JUnitReportReporter -->
<testsuite hostname="LAPTOP-ASLJ1FTG" failures="0" tests="3" name="learn.test3.CrossBrowserTest" time="51.474" errors="0" timestamp="2025-11-05T19:49:50 IST" skipped="0">
  <testcase classname="learn.test3.CrossBrowserTest" name="sampleTest" time="16.269"/>
  <testcase classname="learn.test3.CrossBrowserTest" name="sampleTest" time="19.053"/>
  <testcase classname="learn.test3.CrossBrowserTest" name="sampleTest" time="16.152"/>
</testsuite> <!-- learn.test3.CrossBrowserTest -->
