<?xml version="1.0" encoding="UTF-8"?>
<!-- Generated by org.testng.reporters.JUnitReportReporter -->
<testsuite hostname="LAPTOP-ASLJ1FTG" failures="0" tests="5" name="learn.test3.CrossBrowserTest" time="60.916" errors="0" timestamp="2025-11-07T14:35:38 IST" skipped="0">
  <testcase classname="learn.test3.CrossBrowserTest" name="sampleTest" time="17.130"/>
  <testcase classname="learn.test3.CrossBrowserTest" name="sampleTest" time="2.068"/>
  <testcase classname="learn.test3.CrossBrowserTest" name="sampleTest" time="20.882"/>
  <testcase classname="learn.test3.CrossBrowserTest" name="sampleTest" time="16.259"/>
  <testcase classname="learn.test3.CrossBrowserTest" name="sampleTest" time="4.577"/>
</testsuite> <!-- learn.test3.CrossBrowserTest -->
